<?xml version="1.0" encoding="UTF-8"?>
<testsuite xmlns:xsi="http://www.w3.org/2001/XMLSchema-instance" xsi:noNamespaceSchemaLocation="https://maven.apache.org/surefire/maven-surefire-plugin/xsd/surefire-test-report.xsd" name="com.zyx.GameserverApplicationTests" time="8.655" tests="1" errors="0" skipped="0" failures="0">
  <properties>
    <property name="sun.desktop" value="windows"/>
    <property name="awt.toolkit" value="sun.awt.windows.WToolkit"/>
    <property name="file.encoding.pkg" value="sun.io"/>
    <property name="java.specification.version" value="1.8"/>
    <property name="sun.cpu.isalist" value="amd64"/>
    <property name="sun.jnu.encoding" value="GBK"/>
    <property name="java.class.path" value="C:\Users\zhangyusen\Desktop\SpringBoot\GameBattle\servercloud\gameserver\target\test-classes;C:\Users\zhangyusen\Desktop\SpringBoot\GameBattle\servercloud\gameserver\target\classes;D:\Maven\apache-maven-3.6.1\maven-repo\org\springframework\boot\spring-boot-starter-web\2.7.3\spring-boot-starter-web-2.7.3.jar;D:\Maven\apache-maven-3.6.1\maven-repo\org\springframework\boot\spring-boot-starter\2.7.3\spring-boot-starter-2.7.3.jar;D:\Maven\apache-maven-3.6.1\maven-repo\org\springframework\boot\spring-boot\2.7.3\spring-boot-2.7.3.jar;D:\Maven\apache-maven-3.6.1\maven-repo\org\springframework\boot\spring-boot-starter-logging\2.7.3\spring-boot-starter-logging-2.7.3.jar;D:\Maven\apache-maven-3.6.1\maven-repo\ch\qos\logback\logback-classic\1.2.11\logback-classic-1.2.11.jar;D:\Maven\apache-maven-3.6.1\maven-repo\ch\qos\logback\logback-core\1.2.11\logback-core-1.2.11.jar;D:\Maven\apache-maven-3.6.1\maven-repo\org\apache\logging\log4j\log4j-to-slf4j\2.17.2\log4j-to-slf4j-2.17.2.jar;D:\Maven\apache-maven-3.6.1\maven-repo\org\apache\logging\log4j\log4j-api\2.17.2\log4j-api-2.17.2.jar;D:\Maven\apache-maven-3.6.1\maven-repo\org\slf4j\jul-to-slf4j\1.7.36\jul-to-slf4j-1.7.36.jar;D:\Maven\apache-maven-3.6.1\maven-repo\jakarta\annotation\jakarta.annotation-api\1.3.5\jakarta.annotation-api-1.3.5.jar;D:\Maven\apache-maven-3.6.1\maven-repo\org\yaml\snakeyaml\1.30\snakeyaml-1.30.jar;D:\Maven\apache-maven-3.6.1\maven-repo\org\springframework\boot\spring-boot-starter-json\2.7.3\spring-boot-starter-json-2.7.3.jar;D:\Maven\apache-maven-3.6.1\maven-repo\com\fasterxml\jackson\datatype\jackson-datatype-jdk8\2.13.3\jackson-datatype-jdk8-2.13.3.jar;D:\Maven\apache-maven-3.6.1\maven-repo\com\fasterxml\jackson\datatype\jackson-datatype-jsr310\2.13.3\jackson-datatype-jsr310-2.13.3.jar;D:\Maven\apache-maven-3.6.1\maven-repo\com\fasterxml\jackson\module\jackson-module-parameter-names\2.13.3\jackson-module-parameter-names-2.13.3.jar;D:\Maven\apache-maven-3.6.1\maven-repo\org\springframework\boot\spring-boot-starter-tomcat\2.7.3\spring-boot-starter-tomcat-2.7.3.jar;D:\Maven\apache-maven-3.6.1\maven-repo\org\apache\tomcat\embed\tomcat-embed-core\9.0.65\tomcat-embed-core-9.0.65.jar;D:\Maven\apache-maven-3.6.1\maven-repo\org\apache\tomcat\embed\tomcat-embed-el\9.0.65\tomcat-embed-el-9.0.65.jar;D:\Maven\apache-maven-3.6.1\maven-repo\org\apache\tomcat\embed\tomcat-embed-websocket\9.0.65\tomcat-embed-websocket-9.0.65.jar;D:\Maven\apache-maven-3.6.1\maven-repo\org\springframework\spring-web\5.3.22\spring-web-5.3.22.jar;D:\Maven\apache-maven-3.6.1\maven-repo\org\springframework\spring-beans\5.3.22\spring-beans-5.3.22.jar;D:\Maven\apache-maven-3.6.1\maven-repo\org\springframework\spring-webmvc\5.3.22\spring-webmvc-5.3.22.jar;D:\Maven\apache-maven-3.6.1\maven-repo\org\springframework\spring-context\5.3.22\spring-context-5.3.22.jar;D:\Maven\apache-maven-3.6.1\maven-repo\org\springframework\spring-expression\5.3.22\spring-expression-5.3.22.jar;D:\Maven\apache-maven-3.6.1\maven-repo\org\springframework\boot\spring-boot-starter-jdbc\2.7.3\spring-boot-starter-jdbc-2.7.3.jar;D:\Maven\apache-maven-3.6.1\maven-repo\com\zaxxer\HikariCP\4.0.3\HikariCP-4.0.3.jar;D:\Maven\apache-maven-3.6.1\maven-repo\org\slf4j\slf4j-api\1.7.36\slf4j-api-1.7.36.jar;D:\Maven\apache-maven-3.6.1\maven-repo\org\springframework\spring-jdbc\5.3.22\spring-jdbc-5.3.22.jar;D:\Maven\apache-maven-3.6.1\maven-repo\org\springframework\spring-tx\5.3.22\spring-tx-5.3.22.jar;D:\Maven\apache-maven-3.6.1\maven-repo\org\projectlombok\lombok\1.18.22\lombok-1.18.22.jar;D:\Maven\apache-maven-3.6.1\maven-repo\mysql\mysql-connector-java\8.0.29\mysql-connector-java-8.0.29.jar;D:\Maven\apache-maven-3.6.1\maven-repo\com\baomidou\mybatis-plus-boot-starter\3.5.1\mybatis-plus-boot-starter-3.5.1.jar;D:\Maven\apache-maven-3.6.1\maven-repo\com\baomidou\mybatis-plus\3.5.1\mybatis-plus-3.5.1.jar;D:\Maven\apache-maven-3.6.1\maven-repo\com\baomidou\mybatis-plus-extension\3.5.1\mybatis-plus-extension-3.5.1.jar;D:\Maven\apache-maven-3.6.1\maven-repo\com\baomidou\mybatis-plus-core\3.5.1\mybatis-plus-core-3.5.1.jar;D:\Maven\apache-maven-3.6.1\maven-repo\com\baomidou\mybatis-plus-annotation\3.5.1\mybatis-plus-annotation-3.5.1.jar;D:\Maven\apache-maven-3.6.1\maven-repo\com\github\jsqlparser\jsqlparser\4.3\jsqlparser-4.3.jar;D:\Maven\apache-maven-3.6.1\maven-repo\org\mybatis\mybatis\3.5.9\mybatis-3.5.9.jar;D:\Maven\apache-maven-3.6.1\maven-repo\org\mybatis\mybatis-spring\2.0.6\mybatis-spring-2.0.6.jar;D:\Maven\apache-maven-3.6.1\maven-repo\org\springframework\boot\spring-boot-autoconfigure\2.7.3\spring-boot-autoconfigure-2.7.3.jar;D:\Maven\apache-maven-3.6.1\maven-repo\com\baomidou\mybatis-plus-generator\3.5.1\mybatis-plus-generator-3.5.1.jar;D:\Maven\apache-maven-3.6.1\maven-repo\org\springframework\boot\spring-boot-starter-security\2.7.3\spring-boot-starter-security-2.7.3.jar;D:\Maven\apache-maven-3.6.1\maven-repo\org\springframework\spring-aop\5.3.22\spring-aop-5.3.22.jar;D:\Maven\apache-maven-3.6.1\maven-repo\org\springframework\security\spring-security-config\5.7.3\spring-security-config-5.7.3.jar;D:\Maven\apache-maven-3.6.1\maven-repo\org\springframework\security\spring-security-core\5.7.3\spring-security-core-5.7.3.jar;D:\Maven\apache-maven-3.6.1\maven-repo\org\springframework\security\spring-security-crypto\5.7.3\spring-security-crypto-5.7.3.jar;D:\Maven\apache-maven-3.6.1\maven-repo\org\springframework\security\spring-security-web\5.7.3\spring-security-web-5.7.3.jar;D:\Maven\apache-maven-3.6.1\maven-repo\io\jsonwebtoken\jjwt-api\0.11.5\jjwt-api-0.11.5.jar;D:\Maven\apache-maven-3.6.1\maven-repo\io\jsonwebtoken\jjwt-impl\0.11.5\jjwt-impl-0.11.5.jar;D:\Maven\apache-maven-3.6.1\maven-repo\io\jsonwebtoken\jjwt-jackson\0.11.5\jjwt-jackson-0.11.5.jar;D:\Maven\apache-maven-3.6.1\maven-repo\com\fasterxml\jackson\core\jackson-databind\2.13.3\jackson-databind-2.13.3.jar;D:\Maven\apache-maven-3.6.1\maven-repo\com\fasterxml\jackson\core\jackson-annotations\2.13.3\jackson-annotations-2.13.3.jar;D:\Maven\apache-maven-3.6.1\maven-repo\com\fasterxml\jackson\core\jackson-core\2.13.3\jackson-core-2.13.3.jar;D:\Maven\apache-maven-3.6.1\maven-repo\org\springframework\boot\spring-boot-starter-websocket\2.7.3\spring-boot-starter-websocket-2.7.3.jar;D:\Maven\apache-maven-3.6.1\maven-repo\org\springframework\spring-messaging\5.3.22\spring-messaging-5.3.22.jar;D:\Maven\apache-maven-3.6.1\maven-repo\org\springframework\spring-websocket\5.3.22\spring-websocket-5.3.22.jar;D:\Maven\apache-maven-3.6.1\maven-repo\com\alibaba\fastjson2\fastjson2\2.0.14\fastjson2-2.0.14.jar;D:\Maven\apache-maven-3.6.1\maven-repo\org\jetbrains\annotations\23.0.0\annotations-23.0.0.jar;D:\Maven\apache-maven-3.6.1\maven-repo\org\apache\httpcomponents\httpclient\4.5.13\httpclient-4.5.13.jar;D:\Maven\apache-maven-3.6.1\maven-repo\org\apache\httpcomponents\httpcore\4.4.15\httpcore-4.4.15.jar;D:\Maven\apache-maven-3.6.1\maven-repo\commons-codec\commons-codec\1.15\commons-codec-1.15.jar;D:\Maven\apache-maven-3.6.1\maven-repo\org\springframework\boot\spring-boot-starter-data-redis\2.7.5\spring-boot-starter-data-redis-2.7.5.jar;D:\Maven\apache-maven-3.6.1\maven-repo\org\springframework\data\spring-data-redis\2.7.2\spring-data-redis-2.7.2.jar;D:\Maven\apache-maven-3.6.1\maven-repo\org\springframework\data\spring-data-keyvalue\2.7.2\spring-data-keyvalue-2.7.2.jar;D:\Maven\apache-maven-3.6.1\maven-repo\org\springframework\data\spring-data-commons\2.7.2\spring-data-commons-2.7.2.jar;D:\Maven\apache-maven-3.6.1\maven-repo\org\springframework\spring-oxm\5.3.22\spring-oxm-5.3.22.jar;D:\Maven\apache-maven-3.6.1\maven-repo\org\springframework\spring-context-support\5.3.22\spring-context-support-5.3.22.jar;D:\Maven\apache-maven-3.6.1\maven-repo\io\lettuce\lettuce-core\6.1.9.RELEASE\lettuce-core-6.1.9.RELEASE.jar;D:\Maven\apache-maven-3.6.1\maven-repo\io\netty\netty-common\4.1.79.Final\netty-common-4.1.79.Final.jar;D:\Maven\apache-maven-3.6.1\maven-repo\io\netty\netty-handler\4.1.79.Final\netty-handler-4.1.79.Final.jar;D:\Maven\apache-maven-3.6.1\maven-repo\io\netty\netty-resolver\4.1.79.Final\netty-resolver-4.1.79.Final.jar;D:\Maven\apache-maven-3.6.1\maven-repo\io\netty\netty-buffer\4.1.79.Final\netty-buffer-4.1.79.Final.jar;D:\Maven\apache-maven-3.6.1\maven-repo\io\netty\netty-transport-native-unix-common\4.1.79.Final\netty-transport-native-unix-common-4.1.79.Final.jar;D:\Maven\apache-maven-3.6.1\maven-repo\io\netty\netty-codec\4.1.79.Final\netty-codec-4.1.79.Final.jar;D:\Maven\apache-maven-3.6.1\maven-repo\io\netty\netty-transport\4.1.79.Final\netty-transport-4.1.79.Final.jar;D:\Maven\apache-maven-3.6.1\maven-repo\io\projectreactor\reactor-core\3.4.22\reactor-core-3.4.22.jar;D:\Maven\apache-maven-3.6.1\maven-repo\org\reactivestreams\reactive-streams\1.0.4\reactive-streams-1.0.4.jar;D:\Maven\apache-maven-3.6.1\maven-repo\org\springframework\boot\spring-boot-starter-test\2.7.3\spring-boot-starter-test-2.7.3.jar;D:\Maven\apache-maven-3.6.1\maven-repo\org\springframework\boot\spring-boot-test\2.7.3\spring-boot-test-2.7.3.jar;D:\Maven\apache-maven-3.6.1\maven-repo\org\springframework\boot\spring-boot-test-autoconfigure\2.7.3\spring-boot-test-autoconfigure-2.7.3.jar;D:\Maven\apache-maven-3.6.1\maven-repo\com\jayway\jsonpath\json-path\2.7.0\json-path-2.7.0.jar;D:\Maven\apache-maven-3.6.1\maven-repo\net\minidev\json-smart\2.4.8\json-smart-2.4.8.jar;D:\Maven\apache-maven-3.6.1\maven-repo\net\minidev\accessors-smart\2.4.8\accessors-smart-2.4.8.jar;D:\Maven\apache-maven-3.6.1\maven-repo\org\ow2\asm\asm\9.1\asm-9.1.jar;D:\Maven\apache-maven-3.6.1\maven-repo\jakarta\xml\bind\jakarta.xml.bind-api\2.3.3\jakarta.xml.bind-api-2.3.3.jar;D:\Maven\apache-maven-3.6.1\maven-repo\jakarta\activation\jakarta.activation-api\1.2.2\jakarta.activation-api-1.2.2.jar;D:\Maven\apache-maven-3.6.1\maven-repo\org\assertj\assertj-core\3.22.0\assertj-core-3.22.0.jar;D:\Maven\apache-maven-3.6.1\maven-repo\org\hamcrest\hamcrest\2.2\hamcrest-2.2.jar;D:\Maven\apache-maven-3.6.1\maven-repo\org\junit\jupiter\junit-jupiter\5.8.2\junit-jupiter-5.8.2.jar;D:\Maven\apache-maven-3.6.1\maven-repo\org\junit\jupiter\junit-jupiter-api\5.8.2\junit-jupiter-api-5.8.2.jar;D:\Maven\apache-maven-3.6.1\maven-repo\org\opentest4j\opentest4j\1.2.0\opentest4j-1.2.0.jar;D:\Maven\apache-maven-3.6.1\maven-repo\org\junit\platform\junit-platform-commons\1.8.2\junit-platform-commons-1.8.2.jar;D:\Maven\apache-maven-3.6.1\maven-repo\org\apiguardian\apiguardian-api\1.1.2\apiguardian-api-1.1.2.jar;D:\Maven\apache-maven-3.6.1\maven-repo\org\junit\jupiter\junit-jupiter-params\5.8.2\junit-jupiter-params-5.8.2.jar;D:\Maven\apache-maven-3.6.1\maven-repo\org\junit\jupiter\junit-jupiter-engine\5.8.2\junit-jupiter-engine-5.8.2.jar;D:\Maven\apache-maven-3.6.1\maven-repo\org\junit\platform\junit-platform-engine\1.8.2\junit-platform-engine-1.8.2.jar;D:\Maven\apache-maven-3.6.1\maven-repo\org\mockito\mockito-core\4.5.1\mockito-core-4.5.1.jar;D:\Maven\apache-maven-3.6.1\maven-repo\net\bytebuddy\byte-buddy\1.12.13\byte-buddy-1.12.13.jar;D:\Maven\apache-maven-3.6.1\maven-repo\net\bytebuddy\byte-buddy-agent\1.12.13\byte-buddy-agent-1.12.13.jar;D:\Maven\apache-maven-3.6.1\maven-repo\org\objenesis\objenesis\3.2\objenesis-3.2.jar;D:\Maven\apache-maven-3.6.1\maven-repo\org\mockito\mockito-junit-jupiter\4.5.1\mockito-junit-jupiter-4.5.1.jar;D:\Maven\apache-maven-3.6.1\maven-repo\org\skyscreamer\jsonassert\1.5.1\jsonassert-1.5.1.jar;D:\Maven\apache-maven-3.6.1\maven-repo\com\vaadin\external\google\android-json\0.0.20131108.vaadin1\android-json-0.0.20131108.vaadin1.jar;D:\Maven\apache-maven-3.6.1\maven-repo\org\springframework\spring-core\5.3.22\spring-core-5.3.22.jar;D:\Maven\apache-maven-3.6.1\maven-repo\org\springframework\spring-jcl\5.3.22\spring-jcl-5.3.22.jar;D:\Maven\apache-maven-3.6.1\maven-repo\org\springframework\spring-test\5.3.22\spring-test-5.3.22.jar;D:\Maven\apache-maven-3.6.1\maven-repo\org\xmlunit\xmlunit-core\2.9.0\xmlunit-core-2.9.0.jar;"/>
    <property name="java.vm.vendor" value="Oracle Corporation"/>
    <property name="sun.arch.data.model" value="64"/>
    <property name="user.variant" value=""/>
    <property name="java.vendor.url" value="http://java.oracle.com/"/>
    <property name="user.timezone" value="Asia/Shanghai"/>
    <property name="java.vm.specification.version" value="1.8"/>
    <property name="os.name" value="Windows 8.1"/>
    <property name="user.country" value="CN"/>
    <property name="sun.java.launcher" value="SUN_STANDARD"/>
    <property name="sun.boot.library.path" value="D:\jdk\jre\bin"/>
    <property name="sun.java.command" value="C:\Users\ZHANGY~1\AppData\Local\Temp\surefire570677461157593541\surefirebooter1816727064936943480.jar C:\Users\zhangyusen\AppData\Local\Temp\surefire570677461157593541 2022-11-25T11-42-53_548-jvmRun1 surefire7875982918970121150tmp surefire_05651971988577894061tmp"/>
    <property name="surefire.test.class.path" value="C:\Users\zhangyusen\Desktop\SpringBoot\GameBattle\servercloud\gameserver\target\test-classes;C:\Users\zhangyusen\Desktop\SpringBoot\GameBattle\servercloud\gameserver\target\classes;D:\Maven\apache-maven-3.6.1\maven-repo\org\springframework\boot\spring-boot-starter-web\2.7.3\spring-boot-starter-web-2.7.3.jar;D:\Maven\apache-maven-3.6.1\maven-repo\org\springframework\boot\spring-boot-starter\2.7.3\spring-boot-starter-2.7.3.jar;D:\Maven\apache-maven-3.6.1\maven-repo\org\springframework\boot\spring-boot\2.7.3\spring-boot-2.7.3.jar;D:\Maven\apache-maven-3.6.1\maven-repo\org\springframework\boot\spring-boot-starter-logging\2.7.3\spring-boot-starter-logging-2.7.3.jar;D:\Maven\apache-maven-3.6.1\maven-repo\ch\qos\logback\logback-classic\1.2.11\logback-classic-1.2.11.jar;D:\Maven\apache-maven-3.6.1\maven-repo\ch\qos\logback\logback-core\1.2.11\logback-core-1.2.11.jar;D:\Maven\apache-maven-3.6.1\maven-repo\org\apache\logging\log4j\log4j-to-slf4j\2.17.2\log4j-to-slf4j-2.17.2.jar;D:\Maven\apache-maven-3.6.1\maven-repo\org\apache\logging\log4j\log4j-api\2.17.2\log4j-api-2.17.2.jar;D:\Maven\apache-maven-3.6.1\maven-repo\org\slf4j\jul-to-slf4j\1.7.36\jul-to-slf4j-1.7.36.jar;D:\Maven\apache-maven-3.6.1\maven-repo\jakarta\annotation\jakarta.annotation-api\1.3.5\jakarta.annotation-api-1.3.5.jar;D:\Maven\apache-maven-3.6.1\maven-repo\org\yaml\snakeyaml\1.30\snakeyaml-1.30.jar;D:\Maven\apache-maven-3.6.1\maven-repo\org\springframework\boot\spring-boot-starter-json\2.7.3\spring-boot-starter-json-2.7.3.jar;D:\Maven\apache-maven-3.6.1\maven-repo\com\fasterxml\jackson\datatype\jackson-datatype-jdk8\2.13.3\jackson-datatype-jdk8-2.13.3.jar;D:\Maven\apache-maven-3.6.1\maven-repo\com\fasterxml\jackson\datatype\jackson-datatype-jsr310\2.13.3\jackson-datatype-jsr310-2.13.3.jar;D:\Maven\apache-maven-3.6.1\maven-repo\com\fasterxml\jackson\module\jackson-module-parameter-names\2.13.3\jackson-module-parameter-names-2.13.3.jar;D:\Maven\apache-maven-3.6.1\maven-repo\org\springframework\boot\spring-boot-starter-tomcat\2.7.3\spring-boot-starter-tomcat-2.7.3.jar;D:\Maven\apache-maven-3.6.1\maven-repo\org\apache\tomcat\embed\tomcat-embed-core\9.0.65\tomcat-embed-core-9.0.65.jar;D:\Maven\apache-maven-3.6.1\maven-repo\org\apache\tomcat\embed\tomcat-embed-el\9.0.65\tomcat-embed-el-9.0.65.jar;D:\Maven\apache-maven-3.6.1\maven-repo\org\apache\tomcat\embed\tomcat-embed-websocket\9.0.65\tomcat-embed-websocket-9.0.65.jar;D:\Maven\apache-maven-3.6.1\maven-repo\org\springframework\spring-web\5.3.22\spring-web-5.3.22.jar;D:\Maven\apache-maven-3.6.1\maven-repo\org\springframework\spring-beans\5.3.22\spring-beans-5.3.22.jar;D:\Maven\apache-maven-3.6.1\maven-repo\org\springframework\spring-webmvc\5.3.22\spring-webmvc-5.3.22.jar;D:\Maven\apache-maven-3.6.1\maven-repo\org\springframework\spring-context\5.3.22\spring-context-5.3.22.jar;D:\Maven\apache-maven-3.6.1\maven-repo\org\springframework\spring-expression\5.3.22\spring-expression-5.3.22.jar;D:\Maven\apache-maven-3.6.1\maven-repo\org\springframework\boot\spring-boot-starter-jdbc\2.7.3\spring-boot-starter-jdbc-2.7.3.jar;D:\Maven\apache-maven-3.6.1\maven-repo\com\zaxxer\HikariCP\4.0.3\HikariCP-4.0.3.jar;D:\Maven\apache-maven-3.6.1\maven-repo\org\slf4j\slf4j-api\1.7.36\slf4j-api-1.7.36.jar;D:\Maven\apache-maven-3.6.1\maven-repo\org\springframework\spring-jdbc\5.3.22\spring-jdbc-5.3.22.jar;D:\Maven\apache-maven-3.6.1\maven-repo\org\springframework\spring-tx\5.3.22\spring-tx-5.3.22.jar;D:\Maven\apache-maven-3.6.1\maven-repo\org\projectlombok\lombok\1.18.22\lombok-1.18.22.jar;D:\Maven\apache-maven-3.6.1\maven-repo\mysql\mysql-connector-java\8.0.29\mysql-connector-java-8.0.29.jar;D:\Maven\apache-maven-3.6.1\maven-repo\com\baomidou\mybatis-plus-boot-starter\3.5.1\mybatis-plus-boot-starter-3.5.1.jar;D:\Maven\apache-maven-3.6.1\maven-repo\com\baomidou\mybatis-plus\3.5.1\mybatis-plus-3.5.1.jar;D:\Maven\apache-maven-3.6.1\maven-repo\com\baomidou\mybatis-plus-extension\3.5.1\mybatis-plus-extension-3.5.1.jar;D:\Maven\apache-maven-3.6.1\maven-repo\com\baomidou\mybatis-plus-core\3.5.1\mybatis-plus-core-3.5.1.jar;D:\Maven\apache-maven-3.6.1\maven-repo\com\baomidou\mybatis-plus-annotation\3.5.1\mybatis-plus-annotation-3.5.1.jar;D:\Maven\apache-maven-3.6.1\maven-repo\com\github\jsqlparser\jsqlparser\4.3\jsqlparser-4.3.jar;D:\Maven\apache-maven-3.6.1\maven-repo\org\mybatis\mybatis\3.5.9\mybatis-3.5.9.jar;D:\Maven\apache-maven-3.6.1\maven-repo\org\mybatis\mybatis-spring\2.0.6\mybatis-spring-2.0.6.jar;D:\Maven\apache-maven-3.6.1\maven-repo\org\springframework\boot\spring-boot-autoconfigure\2.7.3\spring-boot-autoconfigure-2.7.3.jar;D:\Maven\apache-maven-3.6.1\maven-repo\com\baomidou\mybatis-plus-generator\3.5.1\mybatis-plus-generator-3.5.1.jar;D:\Maven\apache-maven-3.6.1\maven-repo\org\springframework\boot\spring-boot-starter-security\2.7.3\spring-boot-starter-security-2.7.3.jar;D:\Maven\apache-maven-3.6.1\maven-repo\org\springframework\spring-aop\5.3.22\spring-aop-5.3.22.jar;D:\Maven\apache-maven-3.6.1\maven-repo\org\springframework\security\spring-security-config\5.7.3\spring-security-config-5.7.3.jar;D:\Maven\apache-maven-3.6.1\maven-repo\org\springframework\security\spring-security-core\5.7.3\spring-security-core-5.7.3.jar;D:\Maven\apache-maven-3.6.1\maven-repo\org\springframework\security\spring-security-crypto\5.7.3\spring-security-crypto-5.7.3.jar;D:\Maven\apache-maven-3.6.1\maven-repo\org\springframework\security\spring-security-web\5.7.3\spring-security-web-5.7.3.jar;D:\Maven\apache-maven-3.6.1\maven-repo\io\jsonwebtoken\jjwt-api\0.11.5\jjwt-api-0.11.5.jar;D:\Maven\apache-maven-3.6.1\maven-repo\io\jsonwebtoken\jjwt-impl\0.11.5\jjwt-impl-0.11.5.jar;D:\Maven\apache-maven-3.6.1\maven-repo\io\jsonwebtoken\jjwt-jackson\0.11.5\jjwt-jackson-0.11.5.jar;D:\Maven\apache-maven-3.6.1\maven-repo\com\fasterxml\jackson\core\jackson-databind\2.13.3\jackson-databind-2.13.3.jar;D:\Maven\apache-maven-3.6.1\maven-repo\com\fasterxml\jackson\core\jackson-annotations\2.13.3\jackson-annotations-2.13.3.jar;D:\Maven\apache-maven-3.6.1\maven-repo\com\fasterxml\jackson\core\jackson-core\2.13.3\jackson-core-2.13.3.jar;D:\Maven\apache-maven-3.6.1\maven-repo\org\springframework\boot\spring-boot-starter-websocket\2.7.3\spring-boot-starter-websocket-2.7.3.jar;D:\Maven\apache-maven-3.6.1\maven-repo\org\springframework\spring-messaging\5.3.22\spring-messaging-5.3.22.jar;D:\Maven\apache-maven-3.6.1\maven-repo\org\springframework\spring-websocket\5.3.22\spring-websocket-5.3.22.jar;D:\Maven\apache-maven-3.6.1\maven-repo\com\alibaba\fastjson2\fastjson2\2.0.14\fastjson2-2.0.14.jar;D:\Maven\apache-maven-3.6.1\maven-repo\org\jetbrains\annotations\23.0.0\annotations-23.0.0.jar;D:\Maven\apache-maven-3.6.1\maven-repo\org\apache\httpcomponents\httpclient\4.5.13\httpclient-4.5.13.jar;D:\Maven\apache-maven-3.6.1\maven-repo\org\apache\httpcomponents\httpcore\4.4.15\httpcore-4.4.15.jar;D:\Maven\apache-maven-3.6.1\maven-repo\commons-codec\commons-codec\1.15\commons-codec-1.15.jar;D:\Maven\apache-maven-3.6.1\maven-repo\org\springframework\boot\spring-boot-starter-data-redis\2.7.5\spring-boot-starter-data-redis-2.7.5.jar;D:\Maven\apache-maven-3.6.1\maven-repo\org\springframework\data\spring-data-redis\2.7.2\spring-data-redis-2.7.2.jar;D:\Maven\apache-maven-3.6.1\maven-repo\org\springframework\data\spring-data-keyvalue\2.7.2\spring-data-keyvalue-2.7.2.jar;D:\Maven\apache-maven-3.6.1\maven-repo\org\springframework\data\spring-data-commons\2.7.2\spring-data-commons-2.7.2.jar;D:\Maven\apache-maven-3.6.1\maven-repo\org\springframework\spring-oxm\5.3.22\spring-oxm-5.3.22.jar;D:\Maven\apache-maven-3.6.1\maven-repo\org\springframework\spring-context-support\5.3.22\spring-context-support-5.3.22.jar;D:\Maven\apache-maven-3.6.1\maven-repo\io\lettuce\lettuce-core\6.1.9.RELEASE\lettuce-core-6.1.9.RELEASE.jar;D:\Maven\apache-maven-3.6.1\maven-repo\io\netty\netty-common\4.1.79.Final\netty-common-4.1.79.Final.jar;D:\Maven\apache-maven-3.6.1\maven-repo\io\netty\netty-handler\4.1.79.Final\netty-handler-4.1.79.Final.jar;D:\Maven\apache-maven-3.6.1\maven-repo\io\netty\netty-resolver\4.1.79.Final\netty-resolver-4.1.79.Final.jar;D:\Maven\apache-maven-3.6.1\maven-repo\io\netty\netty-buffer\4.1.79.Final\netty-buffer-4.1.79.Final.jar;D:\Maven\apache-maven-3.6.1\maven-repo\io\netty\netty-transport-native-unix-common\4.1.79.Final\netty-transport-native-unix-common-4.1.79.Final.jar;D:\Maven\apache-maven-3.6.1\maven-repo\io\netty\netty-codec\4.1.79.Final\netty-codec-4.1.79.Final.jar;D:\Maven\apache-maven-3.6.1\maven-repo\io\netty\netty-transport\4.1.79.Final\netty-transport-4.1.79.Final.jar;D:\Maven\apache-maven-3.6.1\maven-repo\io\projectreactor\reactor-core\3.4.22\reactor-core-3.4.22.jar;D:\Maven\apache-maven-3.6.1\maven-repo\org\reactivestreams\reactive-streams\1.0.4\reactive-streams-1.0.4.jar;D:\Maven\apache-maven-3.6.1\maven-repo\org\springframework\boot\spring-boot-starter-test\2.7.3\spring-boot-starter-test-2.7.3.jar;D:\Maven\apache-maven-3.6.1\maven-repo\org\springframework\boot\spring-boot-test\2.7.3\spring-boot-test-2.7.3.jar;D:\Maven\apache-maven-3.6.1\maven-repo\org\springframework\boot\spring-boot-test-autoconfigure\2.7.3\spring-boot-test-autoconfigure-2.7.3.jar;D:\Maven\apache-maven-3.6.1\maven-repo\com\jayway\jsonpath\json-path\2.7.0\json-path-2.7.0.jar;D:\Maven\apache-maven-3.6.1\maven-repo\net\minidev\json-smart\2.4.8\json-smart-2.4.8.jar;D:\Maven\apache-maven-3.6.1\maven-repo\net\minidev\accessors-smart\2.4.8\accessors-smart-2.4.8.jar;D:\Maven\apache-maven-3.6.1\maven-repo\org\ow2\asm\asm\9.1\asm-9.1.jar;D:\Maven\apache-maven-3.6.1\maven-repo\jakarta\xml\bind\jakarta.xml.bind-api\2.3.3\jakarta.xml.bind-api-2.3.3.jar;D:\Maven\apache-maven-3.6.1\maven-repo\jakarta\activation\jakarta.activation-api\1.2.2\jakarta.activation-api-1.2.2.jar;D:\Maven\apache-maven-3.6.1\maven-repo\org\assertj\assertj-core\3.22.0\assertj-core-3.22.0.jar;D:\Maven\apache-maven-3.6.1\maven-repo\org\hamcrest\hamcrest\2.2\hamcrest-2.2.jar;D:\Maven\apache-maven-3.6.1\maven-repo\org\junit\jupiter\junit-jupiter\5.8.2\junit-jupiter-5.8.2.jar;D:\Maven\apache-maven-3.6.1\maven-repo\org\junit\jupiter\junit-jupiter-api\5.8.2\junit-jupiter-api-5.8.2.jar;D:\Maven\apache-maven-3.6.1\maven-repo\org\opentest4j\opentest4j\1.2.0\opentest4j-1.2.0.jar;D:\Maven\apache-maven-3.6.1\maven-repo\org\junit\platform\junit-platform-commons\1.8.2\junit-platform-commons-1.8.2.jar;D:\Maven\apache-maven-3.6.1\maven-repo\org\apiguardian\apiguardian-api\1.1.2\apiguardian-api-1.1.2.jar;D:\Maven\apache-maven-3.6.1\maven-repo\org\junit\jupiter\junit-jupiter-params\5.8.2\junit-jupiter-params-5.8.2.jar;D:\Maven\apache-maven-3.6.1\maven-repo\org\junit\jupiter\junit-jupiter-engine\5.8.2\junit-jupiter-engine-5.8.2.jar;D:\Maven\apache-maven-3.6.1\maven-repo\org\junit\platform\junit-platform-engine\1.8.2\junit-platform-engine-1.8.2.jar;D:\Maven\apache-maven-3.6.1\maven-repo\org\mockito\mockito-core\4.5.1\mockito-core-4.5.1.jar;D:\Maven\apache-maven-3.6.1\maven-repo\net\bytebuddy\byte-buddy\1.12.13\byte-buddy-1.12.13.jar;D:\Maven\apache-maven-3.6.1\maven-repo\net\bytebuddy\byte-buddy-agent\1.12.13\byte-buddy-agent-1.12.13.jar;D:\Maven\apache-maven-3.6.1\maven-repo\org\objenesis\objenesis\3.2\objenesis-3.2.jar;D:\Maven\apache-maven-3.6.1\maven-repo\org\mockito\mockito-junit-jupiter\4.5.1\mockito-junit-jupiter-4.5.1.jar;D:\Maven\apache-maven-3.6.1\maven-repo\org\skyscreamer\jsonassert\1.5.1\jsonassert-1.5.1.jar;D:\Maven\apache-maven-3.6.1\maven-repo\com\vaadin\external\google\android-json\0.0.20131108.vaadin1\android-json-0.0.20131108.vaadin1.jar;D:\Maven\apache-maven-3.6.1\maven-repo\org\springframework\spring-core\5.3.22\spring-core-5.3.22.jar;D:\Maven\apache-maven-3.6.1\maven-repo\org\springframework\spring-jcl\5.3.22\spring-jcl-5.3.22.jar;D:\Maven\apache-maven-3.6.1\maven-repo\org\springframework\spring-test\5.3.22\spring-test-5.3.22.jar;D:\Maven\apache-maven-3.6.1\maven-repo\org\xmlunit\xmlunit-core\2.9.0\xmlunit-core-2.9.0.jar;"/>
    <property name="sun.cpu.endian" value="little"/>
    <property name="user.home" value="C:\Users\zhangyusen"/>
    <property name="user.language" value="zh"/>
    <property name="java.specification.vendor" value="Oracle Corporation"/>
    <property name="java.home" value="D:\jdk\jre"/>
    <property name="basedir" value="C:\Users\zhangyusen\Desktop\SpringBoot\GameBattle\servercloud\gameserver"/>
    <property name="file.separator" value="\"/>
    <property name="line.separator" value="&#10;"/>
    <property name="java.vm.specification.vendor" value="Oracle Corporation"/>
    <property name="java.specification.name" value="Java Platform API Specification"/>
    <property name="java.awt.graphicsenv" value="sun.awt.Win32GraphicsEnvironment"/>
    <property name="surefire.real.class.path" value="C:\Users\ZHANGY~1\AppData\Local\Temp\surefire570677461157593541\surefirebooter1816727064936943480.jar"/>
    <property name="sun.boot.class.path" value="D:\jdk\jre\lib\resources.jar;D:\jdk\jre\lib\rt.jar;D:\jdk\jre\lib\sunrsasign.jar;D:\jdk\jre\lib\jsse.jar;D:\jdk\jre\lib\jce.jar;D:\jdk\jre\lib\charsets.jar;D:\jdk\jre\lib\jfr.jar;D:\jdk\jre\classes"/>
    <property name="user.script" value=""/>
    <property name="sun.management.compiler" value="HotSpot 64-Bit Tiered Compilers"/>
    <property name="java.runtime.version" value="1.8.0-b132"/>
    <property name="user.name" value="zhangyusen"/>
    <property name="path.separator" value=";"/>
    <property name="os.version" value="6.3"/>
    <property name="java.endorsed.dirs" value="D:\jdk\jre\lib\endorsed"/>
    <property name="java.runtime.name" value="Java(TM) SE Runtime Environment"/>
    <property name="file.encoding" value="GBK"/>
    <property name="java.vm.name" value="Java HotSpot(TM) 64-Bit Server VM"/>
    <property name="localRepository" value="D:\Maven\apache-maven-3.6.1\maven-repo"/>
    <property name="java.vendor.url.bug" value="http://bugreport.sun.com/bugreport/"/>
    <property name="java.io.tmpdir" value="C:\Users\ZHANGY~1\AppData\Local\Temp\"/>
    <property name="idea.version" value="2020.3.2"/>
    <property name="java.version" value="1.8.0"/>
    <property name="user.dir" value="C:\Users\zhangyusen\Desktop\SpringBoot\GameBattle\servercloud\gameserver"/>
    <property name="os.arch" value="amd64"/>
    <property name="java.vm.specification.name" value="Java Virtual Machine Specification"/>
    <property name="java.awt.printerjob" value="sun.awt.windows.WPrinterJob"/>
    <property name="sun.os.patch.level" value=""/>
    <property name="java.library.path" value="D:\jdk\jre\bin;C:\WINDOWS\Sun\Java\bin;C:\WINDOWS\system32;C:\WINDOWS;E:\oracle\oracle\app\oracle\product\11.2.0\server\bin;;C:\Program Files (x86)\Common Files\Intel\Shared Libraries\redist\intel64\compiler;D:\VM\bin\;C:\Windows\system32;C:\Windows;C:\Windows\System32\Wbem;C:\Windows\System32\WindowsPowerShell\v1.0\;C:\Windows\System32\OpenSSH\;C:\Program Files (x86)\NVIDIA Corporation\PhysX\Common;C:\Program Files\NVIDIA Corporation\NVIDIA NvDLISR;E:\压缩\Bandizip\;D:\jdk\bin;D:\jdk\jre\bin;D:\jre\bin;C:\WINDOWS\system32;C:\WINDOWS;C:\WINDOWS\System32\Wbem;C:\WINDOWS\System32\WindowsPowerShell\v1.0\;C:\WINDOWS\System32\OpenSSH\;D:\git bash\Git;D:\git bash\Git\mingw64\bin;D:\git bash\Git\mingw64\libexec\git-core;D:\node\;D:\tomacat\apache-tomcat-9.0.64\lib;D:\tomacat\apache-tomcat-9.0.64\bin;D:\tomacat\apache-tomcat-9.0.64\lib\servlet-api.jar;D:\Maven\apache-maven-3.6.1\bin;D:\Xftp\;D:\Xshell\;E:\golang\bin;D:\MySQL8\MySQL Server 8\bin;D:\Rust\.cargo\bin;D:\Python\Scripts\;D:\Python\;C:\Users\zhangyusen\AppData\Local\Microsoft\WindowsApps;D:\zyxMySQL\mysql-5.7.19-winx64\;D:\pycharm\PyCharm Community Edition 2021.3.3\bin;;D:\2\Scripts;C:\Users\zhangyusen\AppData\Roaming\npm;D:\Visual Studio Code\Microsoft VS Code\bin;E:\GoLand\GoLand 2022.2.3\bin;;E:\WebStorm\WebStorm 2022.2.2\bin;;D:\Rust\.rustup;D:\Rust\.cargo;E:\PyCharm\PyCharm 2022.2.3\bin;;;."/>
    <property name="java.vm.info" value="mixed mode"/>
    <property name="java.vendor" value="Oracle Corporation"/>
    <property name="java.vm.version" value="25.0-b70"/>
    <property name="java.ext.dirs" value="D:\jdk\jre\lib\ext;C:\WINDOWS\Sun\Java\lib\ext"/>
    <property name="sun.io.unicode.encoding" value="UnicodeLittle"/>
    <property name="maven.repo.local" value="D:\Maven\apache-maven-3.6.1\maven-repo"/>
    <property name="java.class.version" value="52.0"/>
  </properties>
  <testcase name="contextLoads" classname="com.zyx.GameserverApplicationTests" time="0.561"/>
</testsuite>